2014-09-21 4.4
2014-09-22 4.4
2014-09-23 4.4
2014-09-24 4.4
2014-09-25 4.4
2014-09-26 4.4
2014-09-27 4.4
2014-09-28 4.4
2014-09-29 4.4
2014-09-30 4.4
2014-10-01 4.4
2014-10-02 4.4
2014-10-03 4.4
2014-10-04 4.4
2014-10-05 4.4
2014-10-06 4.4
2014-10-07 4.4
2014-10-08 4.4
2014-10-09 4.4
2014-10-10 4.4
2014-10-11 4.4
2014-10-12 4.4
2014-10-13 4.4
2014-10-14 4.4
2014-10-15 4.4
2014-10-16 4.4
2014-10-17 4.4
2014-10-18 4.4
2014-10-19 4.4
2014-10-20 4.4
2014-10-21 4.4
2014-10-22 4.4
2014-10-23 4.4
2014-10-24 4.4
2014-10-25 4.4
2014-10-26 4.4
2014-10-27 4.4
2014-10-28 4.4
2014-10-29 4.4
2014-10-30 4.4
2014-10-31 4.4
2014-11-01 4.4
2014-11-02 4.4
2014-11-03 4.4
2014-11-04 4.4
2014-11-05 4.4
2014-11-06 4.4
2014-11-07 4.4
2014-11-08 4.4
2014-11-09 4.4
2014-11-10 4.4
2014-11-11 4.4
2014-11-12 4.4
2014-11-13 4.4
2014-11-14 4.4
2014-11-15 4.4
2014-11-16 4.4
